app/build/intermediates/manifest_merge_blame_file/debug/manifest-merger-blame-debug-report.txt
1<?xml version="1.0" encoding="utf-8"?>
2<manifest xmlns:android="http://schemas.android.com/apk/res/android"
3    package="redudant.tmdbmovie"
4    android:versionCode="1"
5    android:versionName="1.0" >
6
7    <uses-sdk
8        android:minSdkVersion="21"
8-->src/main/AndroidManifest.xml
9        android:targetSdkVersion="29" />
9-->src/main/AndroidManifest.xml
10
11    <uses-permission android:name="android.permission.INTERNET" />
11-->src/main/AndroidManifest.xml:5:5-67
11-->src/main/AndroidManifest.xml:5:22-64
12
13    <application
13-->src/main/AndroidManifest.xml:7:5-36:19
14        android:allowBackup="true"
14-->src/main/AndroidManifest.xml:8:9-35
15        android:appComponentFactory="androidx.core.app.CoreComponentFactory"
15-->[androidx.core:core:1.0.1] AndroidManifest.xml:22:18-86
16        android:debuggable="true"
17        android:icon="@mipmap/ic_launcher"
17-->src/main/AndroidManifest.xml:9:9-43
18        android:label="@string/app_name"
18-->src/main/AndroidManifest.xml:10:9-41
19        android:roundIcon="@mipmap/ic_launcher_round"
19-->src/main/AndroidManifest.xml:11:9-54
20        android:supportsRtl="true"
20-->src/main/AndroidManifest.xml:12:9-35
21        android:testOnly="true"
22        android:theme="@style/AppTheme" >
22-->src/main/AndroidManifest.xml:13:9-40
23        <activity
23-->src/main/AndroidManifest.xml:14:9-16:61
24            android:name="redudant.tmdbmovie.view.GetStartedActivity"
24-->src/main/AndroidManifest.xml:14:19-58
25            android:screenOrientation="portrait"
25-->src/main/AndroidManifest.xml:16:13-49
26            android:theme="@style/AppTheme.NoActionBar" />
26-->src/main/AndroidManifest.xml:15:13-56
27        <activity
27-->src/main/AndroidManifest.xml:17:9-24:20
28            android:name="redudant.tmdbmovie.view.SplashActivity"
28-->src/main/AndroidManifest.xml:17:19-54
29            android:theme="@style/AppTheme.NoActionBar" >
29-->src/main/AndroidManifest.xml:18:13-56
30            <intent-filter>
30-->src/main/AndroidManifest.xml:19:13-23:29
31                <action android:name="android.intent.action.MAIN" />
31-->src/main/AndroidManifest.xml:20:17-69
31-->src/main/AndroidManifest.xml:20:25-66
32
33                <category android:name="android.intent.category.LAUNCHER" />
33-->src/main/AndroidManifest.xml:22:17-77
33-->src/main/AndroidManifest.xml:22:27-74
34            </intent-filter>
35        </activity>
36        <activity android:name="redudant.tmdbmovie.view.VideosActivity" />
36-->src/main/AndroidManifest.xml:25:9-57
36-->src/main/AndroidManifest.xml:25:19-54
37        <activity
37-->src/main/AndroidManifest.xml:26:9-34:20
38            android:name="redudant.tmdbmovie.view.MovieActivity"
38-->src/main/AndroidManifest.xml:27:13-47
39            android:label="@string/title_activity_movie"
39-->src/main/AndroidManifest.xml:28:13-57
40            android:parentActivityName="redudant.tmdbmovie.view.MainActivity"
40-->src/main/AndroidManifest.xml:29:13-60
41            android:theme="@style/AppTheme.NoActionBar" >
41-->src/main/AndroidManifest.xml:30:13-56
42            <meta-data
42-->src/main/AndroidManifest.xml:31:13-33:72
43                android:name="android.support.PARENT_ACTIVITY"
43-->src/main/AndroidManifest.xml:32:17-63
44                android:value="redudant.tmdbmovie.view.MainActivity" />
44-->src/main/AndroidManifest.xml:33:17-69
45        </activity>
46        <activity android:name="redudant.tmdbmovie.view.MainActivity" />
46-->src/main/AndroidManifest.xml:35:9-64
46-->src/main/AndroidManifest.xml:35:19-52
47    </application>
48
49</manifest>